{
  "0 debug pnpm:scope": {
    "selected": 1
  },
  "1 error pnpm": {
    "errno": 1,
    "code": "ELIFECYCLE",
    "pkgid": "vue3-vite@0.0.0",
    "stage": "dev",
    "script": "vite",
    "pkgname": "vue3-vite",
    "err": {
      "name": "pnpm",
      "message": "vue3-vite@0.0.0 dev: `vite`\nExit status 1",
      "code": "ELIFECYCLE",
      "stack": "pnpm: vue3-vite@0.0.0 dev: `vite`\nExit status 1\n    at EventEmitter.<anonymous> (C:\\Users\\huan5\\AppData\\Roaming\\nvm\\v14.15.0\\node_modules\\pnpm\\dist\\pnpm.cjs:104580:20)\n    at EventEmitter.emit (events.js:315:20)\n    at ChildProcess.<anonymous> (C:\\Users\\huan5\\AppData\\Roaming\\nvm\\v14.15.0\\node_modules\\pnpm\\dist\\pnpm.cjs:92569:18)\n    at ChildProcess.emit (events.js:315:20)\n    at maybeClose (internal/child_process.js:1048:16)\n    at Process.ChildProcess._handle.onexit (internal/child_process.js:288:5)"
    }
  },
  "2 warn pnpm:global": " Local package.json exists, but node_modules missing, did you mean to install?"
}